<?xml version="1.0" encoding="UTF-8"?>
<!-- Generated by org.testng.reporters.JUnitXMLReporter -->
<testsuite ignored="0" hostname="DESKTOP-F1BDKPL" failures="0" tests="4" name="Default test" time="24.266" errors="0" timestamp="2026-04-18T11:36:26 IST">
  <testcase classname="LogInProject.LogInProject.AlertTest" name="logIn" time="0.529"/>
  <testcase classname="LogInProject.LogInProject.AlertTest" name="logIn" time="0.31"/>
  <testcase classname="LogInProject.LogInProject.AlertTest" name="logIn" time="0.32"/>
  <testcase classname="LogInProject.LogInProject.AlertTest" name="logIn" time="0.294"/>
</testsuite> <!-- Default test -->
