<?xml version="1.0" encoding="UTF-8"?>
<!-- Generated by org.testng.reporters.JUnitXMLReporter -->
<testsuite ignored="0" hostname="DESKTOP-F1BDKPL" failures="0" tests="4" name="Test" time="19.582" errors="0" timestamp="2026-04-04T16:30:38 IST">
  <testcase classname="LogInProject.LogInProject.AlertTest" name="logIn" time="0.506"/>
  <testcase classname="LogInProject.LogInProject.AlertTest" name="logIn" time="0.386"/>
  <testcase classname="LogInProject.LogInProject.AlertTest" name="logIn" time="0.327"/>
  <testcase classname="LogInProject.LogInProject.AlertTest" name="logIn" time="0.286"/>
</testsuite> <!-- Test -->
