<?xml version="1.0" encoding="UTF-8"?>
<testng-results ignored="0" total="4" passed="4" failed="0" skipped="0">
  <reporter-output>
  </reporter-output>
  <suite started-at="2026-04-18T11:36:02 IST" name="Default suite" finished-at="2026-04-18T11:36:26 IST" duration-ms="24266">
    <groups>
    </groups>
    <test started-at="2026-04-18T11:36:02 IST" name="Default test" finished-at="2026-04-18T11:36:26 IST" duration-ms="24266">
      <class name="LogInProject.LogInProject.AlertTest">
        <test-method is-config="true" signature="setUp()[pri:0, instance:LogInProject.LogInProject.AlertTest@6a6cb05c]" started-at="2026-04-18T11:36:03 IST" name="setUp" finished-at="2026-04-18T11:36:12 IST" duration-ms="8339" status="PASS">
          <reporter-output>
          </reporter-output>
        </test-method> <!-- setUp -->
        <test-method signature="logIn(java.lang.String)[pri:0, instance:LogInProject.LogInProject.AlertTest@6a6cb05c]" started-at="2026-04-18T11:36:12 IST" name="logIn" data-provider="getData1" finished-at="2026-04-18T11:36:12 IST" duration-ms="529" status="PASS">
          <params>
            <param index="0">
              <value>
                <![CDATA[Babi]]>
              </value>
            </param>
          </params>
          <reporter-output>
          </reporter-output>
        </test-method> <!-- logIn -->
        <test-method is-config="true" signature="tearDown()[pri:0, instance:LogInProject.LogInProject.AlertTest@6a6cb05c]" started-at="2026-04-18T11:36:12 IST" name="tearDown" finished-at="2026-04-18T11:36:13 IST" duration-ms="585" status="PASS">
          <reporter-output>
          </reporter-output>
        </test-method> <!-- tearDown -->
        <test-method is-config="true" signature="setUp()[pri:0, instance:LogInProject.LogInProject.AlertTest@6a6cb05c]" started-at="2026-04-18T11:36:13 IST" name="setUp" finished-at="2026-04-18T11:36:17 IST" duration-ms="3745" status="PASS">
          <reporter-output>
          </reporter-output>
        </test-method> <!-- setUp -->
        <test-method signature="logIn(java.lang.String)[pri:0, instance:LogInProject.LogInProject.AlertTest@6a6cb05c]" started-at="2026-04-18T11:36:17 IST" name="logIn" data-provider="getData1" finished-at="2026-04-18T11:36:17 IST" duration-ms="310" status="PASS">
          <params>
            <param index="0">
              <value>
                <![CDATA[Dali]]>
              </value>
            </param>
          </params>
          <reporter-output>
          </reporter-output>
        </test-method> <!-- logIn -->
        <test-method is-config="true" signature="tearDown()[pri:0, instance:LogInProject.LogInProject.AlertTest@6a6cb05c]" started-at="2026-04-18T11:36:17 IST" name="tearDown" finished-at="2026-04-18T11:36:17 IST" duration-ms="326" status="PASS">
          <reporter-output>
          </reporter-output>
        </test-method> <!-- tearDown -->
        <test-method is-config="true" signature="setUp()[pri:0, instance:LogInProject.LogInProject.AlertTest@6a6cb05c]" started-at="2026-04-18T11:36:17 IST" name="setUp" finished-at="2026-04-18T11:36:21 IST" duration-ms="3923" status="PASS">
          <reporter-output>
          </reporter-output>
        </test-method> <!-- setUp -->
        <test-method signature="logIn(java.lang.String)[pri:0, instance:LogInProject.LogInProject.AlertTest@6a6cb05c]" started-at="2026-04-18T11:36:21 IST" name="logIn" data-provider="getData1" finished-at="2026-04-18T11:36:22 IST" duration-ms="320" status="PASS">
          <params>
            <param index="0">
              <value>
                <![CDATA[Tom]]>
              </value>
            </param>
          </params>
          <reporter-output>
          </reporter-output>
        </test-method> <!-- logIn -->
        <test-method is-config="true" signature="tearDown()[pri:0, instance:LogInProject.LogInProject.AlertTest@6a6cb05c]" started-at="2026-04-18T11:36:22 IST" name="tearDown" finished-at="2026-04-18T11:36:22 IST" duration-ms="288" status="PASS">
          <reporter-output>
          </reporter-output>
        </test-method> <!-- tearDown -->
        <test-method is-config="true" signature="setUp()[pri:0, instance:LogInProject.LogInProject.AlertTest@6a6cb05c]" started-at="2026-04-18T11:36:22 IST" name="setUp" finished-at="2026-04-18T11:36:26 IST" duration-ms="3918" status="PASS">
          <reporter-output>
          </reporter-output>
        </test-method> <!-- setUp -->
        <test-method signature="logIn(java.lang.String)[pri:0, instance:LogInProject.LogInProject.AlertTest@6a6cb05c]" started-at="2026-04-18T11:36:26 IST" name="logIn" data-provider="getData1" finished-at="2026-04-18T11:36:26 IST" duration-ms="294" status="PASS">
          <params>
            <param index="0">
              <value>
                <![CDATA[Jerry]]>
              </value>
            </param>
          </params>
          <reporter-output>
          </reporter-output>
        </test-method> <!-- logIn -->
        <test-method is-config="true" signature="tearDown()[pri:0, instance:LogInProject.LogInProject.AlertTest@6a6cb05c]" started-at="2026-04-18T11:36:26 IST" name="tearDown" finished-at="2026-04-18T11:36:26 IST" duration-ms="313" status="PASS">
          <reporter-output>
          </reporter-output>
        </test-method> <!-- tearDown -->
      </class> <!-- LogInProject.LogInProject.AlertTest -->
    </test> <!-- Default test -->
  </suite> <!-- Default suite -->
</testng-results>
