<?xml version="1.0" encoding="UTF-8"?>
<!-- Generated by org.testng.reporters.JUnitReportReporter -->
<testsuite hostname="DESKTOP-F1BDKPL" failures="0" tests="4" name="LogInProject.LogInProject.AlertTest" time="22.890" errors="0" timestamp="2026-04-18T11:36:27 IST" skipped="0">
  <testcase classname="LogInProject.LogInProject.AlertTest" name="logIn" time="8.947"/>
  <testcase classname="LogInProject.LogInProject.AlertTest" name="logIn" time="4.765"/>
  <testcase classname="LogInProject.LogInProject.AlertTest" name="logIn" time="4.640"/>
  <testcase classname="LogInProject.LogInProject.AlertTest" name="logIn" time="4.538"/>
</testsuite> <!-- LogInProject.LogInProject.AlertTest -->
