<?xml version="1.0" encoding="UTF-8"?>
<!-- Generated by org.testng.reporters.JUnitReportReporter -->
<testsuite hostname="DESKTOP-F1BDKPL" failures="0" tests="4" name="LogInProject.LogInProject.LogInTest" time="14.319" errors="0" timestamp="2026-04-03T20:00:16 IST" skipped="0">
  <testcase classname="LogInProject.LogInProject.LogInTest" name="logInFunc" time="4.523"/>
  <testcase classname="LogInProject.LogInProject.LogInTest" name="logInFunc" time="3.189"/>
  <testcase classname="LogInProject.LogInProject.LogInTest" name="logInFunc" time="3.327"/>
  <testcase classname="LogInProject.LogInProject.LogInTest" name="logInFunc" time="3.280"/>
</testsuite> <!-- LogInProject.LogInProject.LogInTest -->
